\BOOKMARK [1][-]{section.1}{D1\)}{}% 1
\BOOKMARK [1][-]{section.2}{D2\)}{}% 2
\BOOKMARK [2][-]{subsection.2.1}{a\)}{section.2}% 3
\BOOKMARK [2][-]{subsection.2.2}{b\)}{section.2}% 4
\BOOKMARK [2][-]{subsection.2.3}{c\)}{section.2}% 5
\BOOKMARK [2][-]{subsection.2.4}{d\)}{section.2}% 6
\BOOKMARK [1][-]{section.3}{D3\)}{}% 7
\BOOKMARK [1][-]{section.4}{D4\)}{}% 8
\BOOKMARK [2][-]{subsection.4.1}{a\)}{section.4}% 9
\BOOKMARK [2][-]{subsection.4.2}{b\)}{section.4}% 10
\BOOKMARK [1][-]{section.5}{D5\)}{}% 11
\BOOKMARK [1][-]{section.6}{D6\)}{}% 12
\BOOKMARK [1][-]{section.7}{D7\)}{}% 13
\BOOKMARK [2][-]{subsection.7.1}{a\)}{section.7}% 14
\BOOKMARK [2][-]{subsection.7.2}{b\)}{section.7}% 15
\BOOKMARK [2][-]{subsection.7.3}{c\)}{section.7}% 16
\BOOKMARK [1][-]{section.8}{D8\)}{}% 17
\BOOKMARK [1][-]{section.9}{E1\)}{}% 18
\BOOKMARK [1][-]{section.10}{E2\)}{}% 19
\BOOKMARK [1][-]{section.11}{E3\)}{}% 20
\BOOKMARK [1][-]{section.12}{E4\)}{}% 21
\BOOKMARK [1][-]{section.13}{E5\)}{}% 22
\BOOKMARK [1][-]{section.14}{E6\)}{}% 23
\BOOKMARK [1][-]{section.15}{E7\)}{}% 24
\BOOKMARK [1][-]{section.16}{E8\)}{}% 25
\BOOKMARK [1][-]{section.17}{E9\)}{}% 26
\BOOKMARK [1][-]{section.18}{E10\)}{}% 27
\BOOKMARK [1][-]{section.19}{E11\)}{}% 28
\BOOKMARK [1][-]{section.20}{Conclusion}{}% 29
